# JRE version: OpenJDK Runtime Environment Temurin-21.0.3+9 (21.0.3+9) (build 21.0.3+9-LTS)
# Java VM: OpenJDK 64-Bit Server VM Temurin-21.0.3+9 (21.0.3+9-LTS, mixed mode, emulated-client, tiered, compressed oops, compressed class ptrs, g1 gc, windows-amd64)
GC Precious Log:
 CardTable entry size: 512
 Card Set container configuration: InlinePtr #cards 5 size 8 Array Of Cards #cards 12 size 40 Howl #buckets 4 coarsen threshold 1843 Howl Bitmap #cards 512 size 80 coarsen threshold 460 Card regions per heap region 1 cards per card region 2048
 CPUs: 8 total, 8 available
 Memory: 7932M
 Large Page Support: Disabled
 NUMA Support: Disabled
 Compressed Oops: Enabled (32-bit)
 Heap Region Size: 1M
 Heap Min Capacity: 8M
 Heap Initial Capacity: 124M
 Heap Max Capacity: 1984M
 Pre-touch: Disabled
 Parallel Workers: 8
 Concurrent Workers: 2
 Concurrent Refinement Workers: 8
 Periodic GC: Disabled
Heap:
 garbage-first heap   total 49152K, used 31272K [0x0000000084000000, 0x0000000100000000)
  region size 1024K, 10 young (10240K), 1 survivors (1024K)
 Metaspace       used 63334K, committed 63872K, reserved 1114112K
  class space    used 8173K, committed 8384K, reserved 1048576K
GC Heap History (20 events):
Event: 1.847 GC heap before
{Heap before GC invocations=3 (full 0):
 garbage-first heap   total 40960K, used 31627K [0x0000000084000000, 0x0000000100000000)
  region size 1024K, 24 young (24576K), 2 survivors (2048K)
 Metaspace       used 27065K, committed 27392K, reserved 1114112K
  class space    used 3079K, committed 3200K, reserved 1048576K
}
Event: 1.852 GC heap after
{Heap after GC invocations=4 (full 0):
 garbage-first heap   total 40960K, used 11467K [0x0000000084000000, 0x0000000100000000)
  region size 1024K, 3 young (3072K), 3 survivors (3072K)
 Metaspace       used 27065K, committed 27392K, reserved 1114112K
  class space    used 3079K, committed 3200K, reserved 1048576K
}
Event: 2.078 GC heap before
{Heap before GC invocations=4 (full 0):
 garbage-first heap   total 40960K, used 27851K [0x0000000084000000, 0x0000000100000000)
  region size 1024K, 20 young (20480K), 3 survivors (3072K)
 Metaspace       used 30400K, committed 30848K, reserved 1114112K
  class space    used 3529K, committed 3712K, reserved 1048576K
}
Event: 2.087 GC heap after
{Heap after GC invocations=5 (full 0):
 garbage-first heap   total 40960K, used 13298K [0x0000000084000000, 0x0000000100000000)
  region size 1024K, 3 young (3072K), 3 survivors (3072K)
 Metaspace       used 30400K, committed 30848K, reserved 1114112K
  class space    used 3529K, committed 3712K, reserved 1048576K
}
Event: 2.512 GC heap before
{Heap before GC invocations=5 (full 0):
 garbage-first heap   total 40960K, used 30706K [0x0000000084000000, 0x0000000100000000)
  region size 1024K, 20 young (20480K), 3 survivors (3072K)
 Metaspace       used 31745K, committed 32128K, reserved 1114112K
  class space    used 3740K, committed 3904K, reserved 1048576K
}
Event: 2.522 GC heap after
{Heap after GC invocations=6 (full 0):
 garbage-first heap   total 40960K, used 14591K [0x0000000084000000, 0x0000000100000000)
  region size 1024K, 2 young (2048K), 2 survivors (2048K)
 Metaspace       used 31745K, committed 32128K, reserved 1114112K
  class space    used 3740K, committed 3904K, reserved 1048576K
}
Event: 3.620 GC heap before
{Heap before GC invocations=6 (full 0):
 garbage-first heap   total 40960K, used 31999K [0x0000000084000000, 0x0000000100000000)
  region size 1024K, 19 young (19456K), 2 survivors (2048K)
 Metaspace       used 34369K, committed 34816K, reserved 1114112K
  class space    used 4144K, committed 4352K, reserved 1048576K
}
Event: 3.630 GC heap after
{Heap after GC invocations=7 (full 0):
 garbage-first heap   total 40960K, used 16058K [0x0000000084000000, 0x0000000100000000)
  region size 1024K, 3 young (3072K), 3 survivors (3072K)
 Metaspace       used 34369K, committed 34816K, reserved 1114112K
  class space    used 4144K, committed 4352K, reserved 1048576K
}
Event: 3.881 GC heap before
{Heap before GC invocations=7 (full 0):
 garbage-first heap   total 40960K, used 24250K [0x0000000084000000, 0x0000000100000000)
  region size 1024K, 12 young (12288K), 3 survivors (3072K)
 Metaspace       used 35640K, committed 36160K, reserved 1114112K
  class space    used 4336K, committed 4544K, reserved 1048576K
}
Event: 3.889 GC heap after
{Heap after GC invocations=8 (full 0):
 garbage-first heap   total 40960K, used 17298K [0x0000000084000000, 0x0000000100000000)
  region size 1024K, 3 young (3072K), 3 survivors (3072K)
 Metaspace       used 35640K, committed 36160K, reserved 1114112K
  class space    used 4336K, committed 4544K, reserved 1048576K
}
Event: 4.539 GC heap before
{Heap before GC invocations=9 (full 0):
 garbage-first heap   total 40960K, used 32658K [0x0000000084000000, 0x0000000100000000)
  region size 1024K, 19 young (19456K), 3 survivors (3072K)
 Metaspace       used 38638K, committed 39168K, reserved 1114112K
  class space    used 4751K, committed 4992K, reserved 1048576K
}
Event: 4.552 GC heap after
{Heap after GC invocations=10 (full 0):
 garbage-first heap   total 49152K, used 18599K [0x0000000084000000, 0x0000000100000000)
  region size 1024K, 3 young (3072K), 3 survivors (3072K)
 Metaspace       used 38638K, committed 39168K, reserved 1114112K
  class space    used 4751K, committed 4992K, reserved 1048576K
}
Event: 5.772 GC heap before
{Heap before GC invocations=10 (full 0):
 garbage-first heap   total 49152K, used 40103K [0x0000000084000000, 0x0000000100000000)
  region size 1024K, 24 young (24576K), 3 survivors (3072K)
 Metaspace       used 43331K, committed 43904K, reserved 1114112K
  class space    used 5437K, committed 5696K, reserved 1048576K
}
Event: 5.779 GC heap after
{Heap after GC invocations=11 (full 0):
 garbage-first heap   total 49152K, used 19705K [0x0000000084000000, 0x0000000100000000)
  region size 1024K, 2 young (2048K), 2 survivors (2048K)
 Metaspace       used 43331K, committed 43904K, reserved 1114112K
  class space    used 5437K, committed 5696K, reserved 1048576K
}
Event: 7.082 GC heap before
{Heap before GC invocations=11 (full 0):
 garbage-first heap   total 49152K, used 41209K [0x0000000084000000, 0x0000000100000000)
  region size 1024K, 23 young (23552K), 2 survivors (2048K)
 Metaspace       used 49741K, committed 50304K, reserved 1114112K
  class space    used 6342K, committed 6592K, reserved 1048576K
}
Event: 7.086 GC heap after
{Heap after GC invocations=12 (full 0):
 garbage-first heap   total 49152K, used 21504K [0x0000000084000000, 0x0000000100000000)
  region size 1024K, 3 young (3072K), 3 survivors (3072K)
 Metaspace       used 49741K, committed 50304K, reserved 1114112K
  class space    used 6342K, committed 6592K, reserved 1048576K
}
Event: 8.246 GC heap before
{Heap before GC invocations=12 (full 0):
 garbage-first heap   total 49152K, used 41984K [0x0000000084000000, 0x0000000100000000)
  region size 1024K, 24 young (24576K), 3 survivors (3072K)
 Metaspace       used 57762K, committed 58304K, reserved 1114112K
  class space    used 7384K, committed 7616K, reserved 1048576K
}
Event: 8.251 GC heap after
{Heap after GC invocations=13 (full 0):
 garbage-first heap   total 49152K, used 23552K [0x0000000084000000, 0x0000000100000000)
  region size 1024K, 2 young (2048K), 2 survivors (2048K)
 Metaspace       used 57762K, committed 58304K, reserved 1114112K
  class space    used 7384K, committed 7616K, reserved 1048576K
}
Event: 8.577 GC heap before
{Heap before GC invocations=13 (full 0):
 garbage-first heap   total 49152K, used 30720K [0x0000000084000000, 0x0000000100000000)
  region size 1024K, 11 young (11264K), 2 survivors (2048K)
 Metaspace       used 59951K, committed 60480K, reserved 1114112K
  class space    used 7618K, committed 7872K, reserved 1048576K
}
Event: 8.583 GC heap after
{Heap after GC invocations=14 (full 0):
 garbage-first heap   total 49152K, used 24104K [0x0000000084000000, 0x0000000100000000)
  region size 1024K, 1 young (1024K), 1 survivors (1024K)
 Metaspace       used 59951K, committed 60480K, reserved 1114112K
  class space    used 7618K, committed 7872K, reserved 1048576K
}

