# JRE version: OpenJDK Runtime Environment Temurin-21.0.3+9 (21.0.3+9) (build 21.0.3+9-LTS)
# Java VM: OpenJDK 64-Bit Server VM Temurin-21.0.3+9 (21.0.3+9-LTS, mixed mode, emulated-client, tiered, compressed oops, compressed class ptrs, g1 gc, windows-amd64)
GC Precious Log:
 CardTable entry size: 512
 Card Set container configuration: InlinePtr #cards 5 size 8 Array Of Cards #cards 12 size 40 Howl #buckets 4 coarsen threshold 1843 Howl Bitmap #cards 512 size 80 coarsen threshold 460 Card regions per heap region 1 cards per card region 2048
 CPUs: 8 total, 8 available
 Memory: 7932M
 Large Page Support: Disabled
 NUMA Support: Disabled
 Compressed Oops: Enabled (32-bit)
 Heap Region Size: 1M
 Heap Min Capacity: 8M
 Heap Initial Capacity: 124M
 Heap Max Capacity: 1G
 Pre-touch: Disabled
 Parallel Workers: 8
 Concurrent Workers: 2
 Concurrent Refinement Workers: 8
 Periodic GC: Disabled
Heap:
 garbage-first heap   total 99328K, used 29527K [0x00000000c0000000, 0x0000000100000000)
  region size 1024K, 1 young (1024K), 0 survivors (0K)
 Metaspace       used 53573K, committed 54272K, reserved 1114112K
  class space    used 6391K, committed 6720K, reserved 1048576K
GC Heap History (20 events):
Event: 2377.027 GC heap after
{Heap after GC invocations=95 (full 81):
 garbage-first heap   total 99328K, used 29030K [0x00000000c0000000, 0x0000000100000000)
  region size 1024K, 0 young (0K), 0 survivors (0K)
 Metaspace       used 53544K, committed 54272K, reserved 1114112K
  class space    used 6381K, committed 6720K, reserved 1048576K
}
Event: 2387.925 GC heap before
{Heap before GC invocations=95 (full 81):
 garbage-first heap   total 99328K, used 29030K [0x00000000c0000000, 0x0000000100000000)
  region size 1024K, 1 young (1024K), 0 survivors (0K)
 Metaspace       used 53544K, committed 54272K, reserved 1114112K
  class space    used 6381K, committed 6720K, reserved 1048576K
}
Event: 2388.039 GC heap after
{Heap after GC invocations=96 (full 82):
 garbage-first heap   total 99328K, used 29030K [0x00000000c0000000, 0x0000000100000000)
  region size 1024K, 0 young (0K), 0 survivors (0K)
 Metaspace       used 53544K, committed 54272K, reserved 1114112K
  class space    used 6381K, committed 6720K, reserved 1048576K
}
Event: 2399.072 GC heap before
{Heap before GC invocations=96 (full 82):
 garbage-first heap   total 99328K, used 29030K [0x00000000c0000000, 0x0000000100000000)
  region size 1024K, 1 young (1024K), 0 survivors (0K)
 Metaspace       used 53544K, committed 54272K, reserved 1114112K
  class space    used 6381K, committed 6720K, reserved 1048576K
}
Event: 2399.193 GC heap after
{Heap after GC invocations=97 (full 83):
 garbage-first heap   total 99328K, used 29030K [0x00000000c0000000, 0x0000000100000000)
  region size 1024K, 0 young (0K), 0 survivors (0K)
 Metaspace       used 53544K, committed 54272K, reserved 1114112K
  class space    used 6381K, committed 6720K, reserved 1048576K
}
Event: 2410.273 GC heap before
{Heap before GC invocations=97 (full 83):
 garbage-first heap   total 99328K, used 29030K [0x00000000c0000000, 0x0000000100000000)
  region size 1024K, 1 young (1024K), 0 survivors (0K)
 Metaspace       used 53544K, committed 54272K, reserved 1114112K
  class space    used 6381K, committed 6720K, reserved 1048576K
}
Event: 2410.393 GC heap after
{Heap after GC invocations=98 (full 84):
 garbage-first heap   total 99328K, used 29030K [0x00000000c0000000, 0x0000000100000000)
  region size 1024K, 0 young (0K), 0 survivors (0K)
 Metaspace       used 53544K, committed 54272K, reserved 1114112K
  class space    used 6381K, committed 6720K, reserved 1048576K
}
Event: 2421.576 GC heap before
{Heap before GC invocations=98 (full 84):
 garbage-first heap   total 99328K, used 29030K [0x00000000c0000000, 0x0000000100000000)
  region size 1024K, 1 young (1024K), 0 survivors (0K)
 Metaspace       used 53544K, committed 54272K, reserved 1114112K
  class space    used 6381K, committed 6720K, reserved 1048576K
}
Event: 2421.661 GC heap after
{Heap after GC invocations=99 (full 85):
 garbage-first heap   total 99328K, used 29030K [0x00000000c0000000, 0x0000000100000000)
  region size 1024K, 0 young (0K), 0 survivors (0K)
 Metaspace       used 53544K, committed 54272K, reserved 1114112K
  class space    used 6381K, committed 6720K, reserved 1048576K
}
Event: 2432.837 GC heap before
{Heap before GC invocations=99 (full 85):
 garbage-first heap   total 99328K, used 29030K [0x00000000c0000000, 0x0000000100000000)
  region size 1024K, 1 young (1024K), 0 survivors (0K)
 Metaspace       used 53544K, committed 54272K, reserved 1114112K
  class space    used 6381K, committed 6720K, reserved 1048576K
}
Event: 2432.941 GC heap after
{Heap after GC invocations=100 (full 86):
 garbage-first heap   total 99328K, used 29030K [0x00000000c0000000, 0x0000000100000000)
  region size 1024K, 0 young (0K), 0 survivors (0K)
 Metaspace       used 53544K, committed 54272K, reserved 1114112K
  class space    used 6381K, committed 6720K, reserved 1048576K
}
Event: 2444.129 GC heap before
{Heap before GC invocations=100 (full 86):
 garbage-first heap   total 99328K, used 29030K [0x00000000c0000000, 0x0000000100000000)
  region size 1024K, 1 young (1024K), 0 survivors (0K)
 Metaspace       used 53544K, committed 54272K, reserved 1114112K
  class space    used 6381K, committed 6720K, reserved 1048576K
}
Event: 2444.230 GC heap after
{Heap after GC invocations=101 (full 87):
 garbage-first heap   total 99328K, used 29030K [0x00000000c0000000, 0x0000000100000000)
  region size 1024K, 0 young (0K), 0 survivors (0K)
 Metaspace       used 53544K, committed 54272K, reserved 1114112K
  class space    used 6381K, committed 6720K, reserved 1048576K
}
Event: 2484.863 GC heap before
{Heap before GC invocations=101 (full 87):
 garbage-first heap   total 99328K, used 32102K [0x00000000c0000000, 0x0000000100000000)
  region size 1024K, 4 young (4096K), 0 survivors (0K)
 Metaspace       used 53621K, committed 54272K, reserved 1114112K
  class space    used 6401K, committed 6720K, reserved 1048576K
}
Event: 2484.945 GC heap after
{Heap after GC invocations=102 (full 88):
 garbage-first heap   total 99328K, used 28738K [0x00000000c0000000, 0x0000000100000000)
  region size 1024K, 0 young (0K), 0 survivors (0K)
 Metaspace       used 53621K, committed 54272K, reserved 1114112K
  class space    used 6401K, committed 6720K, reserved 1048576K
}
Event: 2636.748 GC heap before
{Heap before GC invocations=102 (full 88):
 garbage-first heap   total 99328K, used 55362K [0x00000000c0000000, 0x0000000100000000)
  region size 1024K, 28 young (28672K), 0 survivors (0K)
 Metaspace       used 53654K, committed 54272K, reserved 1114112K
  class space    used 6411K, committed 6720K, reserved 1048576K
}
Event: 2636.894 GC heap after
{Heap after GC invocations=103 (full 89):
 garbage-first heap   total 99328K, used 30266K [0x00000000c0000000, 0x0000000100000000)
  region size 1024K, 0 young (0K), 0 survivors (0K)
 Metaspace       used 53654K, committed 54272K, reserved 1114112K
  class space    used 6411K, committed 6720K, reserved 1048576K
}
Event: 2648.200 GC heap before
{Heap before GC invocations=103 (full 89):
 garbage-first heap   total 99328K, used 30266K [0x00000000c0000000, 0x0000000100000000)
  region size 1024K, 1 young (1024K), 0 survivors (0K)
 Metaspace       used 53654K, committed 54272K, reserved 1114112K
  class space    used 6411K, committed 6720K, reserved 1048576K
}
Event: 2648.331 GC heap after
{Heap after GC invocations=104 (full 90):
 garbage-first heap   total 99328K, used 29527K [0x00000000c0000000, 0x0000000100000000)
  region size 1024K, 0 young (0K), 0 survivors (0K)
 Metaspace       used 53573K, committed 54272K, reserved 1114112K
  class space    used 6391K, committed 6720K, reserved 1048576K
}
Event: 2658.702 GC heap before
{Heap before GC invocations=104 (full 90):
 garbage-first heap   total 99328K, used 29527K [0x00000000c0000000, 0x0000000100000000)
  region size 1024K, 1 young (1024K), 0 survivors (0K)
 Metaspace       used 53573K, committed 54272K, reserved 1114112K
  class space    used 6391K, committed 6720K, reserved 1048576K
}

