# JRE version: OpenJDK Runtime Environment Temurin-21.0.3+9 (21.0.3+9) (build 21.0.3+9-LTS)
# Java VM: OpenJDK 64-Bit Server VM Temurin-21.0.3+9 (21.0.3+9-LTS, mixed mode, emulated-client, tiered, compressed oops, compressed class ptrs, g1 gc, windows-amd64)
GC Precious Log:
 CardTable entry size: 512
 Card Set container configuration: InlinePtr #cards 5 size 8 Array Of Cards #cards 12 size 40 Howl #buckets 4 coarsen threshold 1843 Howl Bitmap #cards 512 size 80 coarsen threshold 460 Card regions per heap region 1 cards per card region 2048
 CPUs: 8 total, 8 available
 Memory: 7932M
 Large Page Support: Disabled
 NUMA Support: Disabled
 Compressed Oops: Enabled (32-bit)
 Heap Region Size: 1M
 Heap Min Capacity: 8M
 Heap Initial Capacity: 124M
 Heap Max Capacity: 1G
 Pre-touch: Disabled
 Parallel Workers: 8
 Concurrent Workers: 2
 Concurrent Refinement Workers: 8
 Periodic GC: Disabled
Heap:
 garbage-first heap   total 80896K, used 30494K [0x00000000c0000000, 0x0000000100000000)
  region size 1024K, 1 young (1024K), 0 survivors (0K)
 Metaspace       used 53747K, committed 54464K, reserved 1114112K
  class space    used 6412K, committed 6720K, reserved 1048576K
GC Heap History (20 events):
Event: 66358.526 GC heap after
{Heap after GC invocations=1731 (full 1709):
 garbage-first heap   total 80896K, used 30494K [0x00000000c0000000, 0x0000000100000000)
  region size 1024K, 0 young (0K), 0 survivors (0K)
 Metaspace       used 53747K, committed 54464K, reserved 1114112K
  class space    used 6412K, committed 6720K, reserved 1048576K
}
Event: 66369.232 GC heap before
{Heap before GC invocations=1731 (full 1709):
 garbage-first heap   total 80896K, used 30494K [0x00000000c0000000, 0x0000000100000000)
  region size 1024K, 1 young (1024K), 0 survivors (0K)
 Metaspace       used 53747K, committed 54464K, reserved 1114112K
  class space    used 6412K, committed 6720K, reserved 1048576K
}
Event: 66369.277 GC heap after
{Heap after GC invocations=1732 (full 1710):
 garbage-first heap   total 80896K, used 30494K [0x00000000c0000000, 0x0000000100000000)
  region size 1024K, 0 young (0K), 0 survivors (0K)
 Metaspace       used 53747K, committed 54464K, reserved 1114112K
  class space    used 6412K, committed 6720K, reserved 1048576K
}
Event: 66379.774 GC heap before
{Heap before GC invocations=1732 (full 1710):
 garbage-first heap   total 80896K, used 30494K [0x00000000c0000000, 0x0000000100000000)
  region size 1024K, 1 young (1024K), 0 survivors (0K)
 Metaspace       used 53747K, committed 54464K, reserved 1114112K
  class space    used 6412K, committed 6720K, reserved 1048576K
}
Event: 66379.814 GC heap after
{Heap after GC invocations=1733 (full 1711):
 garbage-first heap   total 80896K, used 30494K [0x00000000c0000000, 0x0000000100000000)
  region size 1024K, 0 young (0K), 0 survivors (0K)
 Metaspace       used 53747K, committed 54464K, reserved 1114112K
  class space    used 6412K, committed 6720K, reserved 1048576K
}
Event: 66391.450 GC heap before
{Heap before GC invocations=1733 (full 1711):
 garbage-first heap   total 80896K, used 30494K [0x00000000c0000000, 0x0000000100000000)
  region size 1024K, 1 young (1024K), 0 survivors (0K)
 Metaspace       used 53747K, committed 54464K, reserved 1114112K
  class space    used 6412K, committed 6720K, reserved 1048576K
}
Event: 66391.498 GC heap after
{Heap after GC invocations=1734 (full 1712):
 garbage-first heap   total 80896K, used 30494K [0x00000000c0000000, 0x0000000100000000)
  region size 1024K, 0 young (0K), 0 survivors (0K)
 Metaspace       used 53747K, committed 54464K, reserved 1114112K
  class space    used 6412K, committed 6720K, reserved 1048576K
}
Event: 66402.385 GC heap before
{Heap before GC invocations=1734 (full 1712):
 garbage-first heap   total 80896K, used 30494K [0x00000000c0000000, 0x0000000100000000)
  region size 1024K, 1 young (1024K), 0 survivors (0K)
 Metaspace       used 53747K, committed 54464K, reserved 1114112K
  class space    used 6412K, committed 6720K, reserved 1048576K
}
Event: 66402.428 GC heap after
{Heap after GC invocations=1735 (full 1713):
 garbage-first heap   total 80896K, used 30494K [0x00000000c0000000, 0x0000000100000000)
  region size 1024K, 0 young (0K), 0 survivors (0K)
 Metaspace       used 53747K, committed 54464K, reserved 1114112K
  class space    used 6412K, committed 6720K, reserved 1048576K
}
Event: 66413.411 GC heap before
{Heap before GC invocations=1735 (full 1713):
 garbage-first heap   total 80896K, used 30494K [0x00000000c0000000, 0x0000000100000000)
  region size 1024K, 1 young (1024K), 0 survivors (0K)
 Metaspace       used 53747K, committed 54464K, reserved 1114112K
  class space    used 6412K, committed 6720K, reserved 1048576K
}
Event: 66413.453 GC heap after
{Heap after GC invocations=1736 (full 1714):
 garbage-first heap   total 80896K, used 30494K [0x00000000c0000000, 0x0000000100000000)
  region size 1024K, 0 young (0K), 0 survivors (0K)
 Metaspace       used 53747K, committed 54464K, reserved 1114112K
  class space    used 6412K, committed 6720K, reserved 1048576K
}
Event: 66424.071 GC heap before
{Heap before GC invocations=1736 (full 1714):
 garbage-first heap   total 80896K, used 30494K [0x00000000c0000000, 0x0000000100000000)
  region size 1024K, 1 young (1024K), 0 survivors (0K)
 Metaspace       used 53747K, committed 54464K, reserved 1114112K
  class space    used 6412K, committed 6720K, reserved 1048576K
}
Event: 66424.129 GC heap after
{Heap after GC invocations=1737 (full 1715):
 garbage-first heap   total 80896K, used 30494K [0x00000000c0000000, 0x0000000100000000)
  region size 1024K, 0 young (0K), 0 survivors (0K)
 Metaspace       used 53747K, committed 54464K, reserved 1114112K
  class space    used 6412K, committed 6720K, reserved 1048576K
}
Event: 66434.965 GC heap before
{Heap before GC invocations=1737 (full 1715):
 garbage-first heap   total 80896K, used 30494K [0x00000000c0000000, 0x0000000100000000)
  region size 1024K, 1 young (1024K), 0 survivors (0K)
 Metaspace       used 53747K, committed 54464K, reserved 1114112K
  class space    used 6412K, committed 6720K, reserved 1048576K
}
Event: 66435.020 GC heap after
{Heap after GC invocations=1738 (full 1716):
 garbage-first heap   total 80896K, used 30494K [0x00000000c0000000, 0x0000000100000000)
  region size 1024K, 0 young (0K), 0 survivors (0K)
 Metaspace       used 53747K, committed 54464K, reserved 1114112K
  class space    used 6412K, committed 6720K, reserved 1048576K
}
Event: 66445.608 GC heap before
{Heap before GC invocations=1738 (full 1716):
 garbage-first heap   total 80896K, used 30494K [0x00000000c0000000, 0x0000000100000000)
  region size 1024K, 1 young (1024K), 0 survivors (0K)
 Metaspace       used 53747K, committed 54464K, reserved 1114112K
  class space    used 6412K, committed 6720K, reserved 1048576K
}
Event: 66445.649 GC heap after
{Heap after GC invocations=1739 (full 1717):
 garbage-first heap   total 80896K, used 30494K [0x00000000c0000000, 0x0000000100000000)
  region size 1024K, 0 young (0K), 0 survivors (0K)
 Metaspace       used 53747K, committed 54464K, reserved 1114112K
  class space    used 6412K, committed 6720K, reserved 1048576K
}
Event: 66456.507 GC heap before
{Heap before GC invocations=1739 (full 1717):
 garbage-first heap   total 80896K, used 30494K [0x00000000c0000000, 0x0000000100000000)
  region size 1024K, 1 young (1024K), 0 survivors (0K)
 Metaspace       used 53747K, committed 54464K, reserved 1114112K
  class space    used 6412K, committed 6720K, reserved 1048576K
}
Event: 66456.564 GC heap after
{Heap after GC invocations=1740 (full 1718):
 garbage-first heap   total 80896K, used 30494K [0x00000000c0000000, 0x0000000100000000)
  region size 1024K, 0 young (0K), 0 survivors (0K)
 Metaspace       used 53747K, committed 54464K, reserved 1114112K
  class space    used 6412K, committed 6720K, reserved 1048576K
}
Event: 66467.581 GC heap before
{Heap before GC invocations=1740 (full 1718):
 garbage-first heap   total 80896K, used 30494K [0x00000000c0000000, 0x0000000100000000)
  region size 1024K, 1 young (1024K), 0 survivors (0K)
 Metaspace       used 53747K, committed 54464K, reserved 1114112K
  class space    used 6412K, committed 6720K, reserved 1048576K
}

