# JRE version: OpenJDK Runtime Environment Temurin-21.0.3+9 (21.0.3+9) (build 21.0.3+9-LTS)
# Java VM: OpenJDK 64-Bit Server VM Temurin-21.0.3+9 (21.0.3+9-LTS, mixed mode, emulated-client, tiered, compressed oops, compressed class ptrs, g1 gc, windows-amd64)
GC Precious Log:
 CardTable entry size: 512
 Card Set container configuration: InlinePtr #cards 5 size 8 Array Of Cards #cards 12 size 40 Howl #buckets 4 coarsen threshold 1843 Howl Bitmap #cards 512 size 80 coarsen threshold 460 Card regions per heap region 1 cards per card region 2048
 CPUs: 8 total, 8 available
 Memory: 7932M
 Large Page Support: Disabled
 NUMA Support: Disabled
 Compressed Oops: Enabled (32-bit)
 Heap Region Size: 1M
 Heap Min Capacity: 8M
 Heap Initial Capacity: 124M
 Heap Max Capacity: 1G
 Pre-touch: Disabled
 Parallel Workers: 8
 Concurrent Workers: 2
 Concurrent Refinement Workers: 8
 Periodic GC: Disabled
Heap:
 garbage-first heap   total 84992K, used 29623K [0x00000000c0000000, 0x0000000100000000)
  region size 1024K, 1 young (1024K), 0 survivors (0K)
 Metaspace       used 53580K, committed 54656K, reserved 1114112K
  class space    used 6375K, committed 6784K, reserved 1048576K
GC Heap History (20 events):
Event: 51111.222 GC heap after
{Heap after GC invocations=768 (full 744):
 garbage-first heap   total 84992K, used 29623K [0x00000000c0000000, 0x0000000100000000)
  region size 1024K, 0 young (0K), 0 survivors (0K)
 Metaspace       used 53580K, committed 54656K, reserved 1114112K
  class space    used 6375K, committed 6784K, reserved 1048576K
}
Event: 51122.751 GC heap before
{Heap before GC invocations=768 (full 744):
 garbage-first heap   total 84992K, used 29623K [0x00000000c0000000, 0x0000000100000000)
  region size 1024K, 1 young (1024K), 0 survivors (0K)
 Metaspace       used 53580K, committed 54656K, reserved 1114112K
  class space    used 6375K, committed 6784K, reserved 1048576K
}
Event: 51122.798 GC heap after
{Heap after GC invocations=769 (full 745):
 garbage-first heap   total 84992K, used 29623K [0x00000000c0000000, 0x0000000100000000)
  region size 1024K, 0 young (0K), 0 survivors (0K)
 Metaspace       used 53580K, committed 54656K, reserved 1114112K
  class space    used 6375K, committed 6784K, reserved 1048576K
}
Event: 51134.251 GC heap before
{Heap before GC invocations=769 (full 745):
 garbage-first heap   total 84992K, used 29623K [0x00000000c0000000, 0x0000000100000000)
  region size 1024K, 1 young (1024K), 0 survivors (0K)
 Metaspace       used 53580K, committed 54656K, reserved 1114112K
  class space    used 6375K, committed 6784K, reserved 1048576K
}
Event: 51134.306 GC heap after
{Heap after GC invocations=770 (full 746):
 garbage-first heap   total 84992K, used 29623K [0x00000000c0000000, 0x0000000100000000)
  region size 1024K, 0 young (0K), 0 survivors (0K)
 Metaspace       used 53580K, committed 54656K, reserved 1114112K
  class space    used 6375K, committed 6784K, reserved 1048576K
}
Event: 51145.751 GC heap before
{Heap before GC invocations=770 (full 746):
 garbage-first heap   total 84992K, used 29623K [0x00000000c0000000, 0x0000000100000000)
  region size 1024K, 1 young (1024K), 0 survivors (0K)
 Metaspace       used 53580K, committed 54656K, reserved 1114112K
  class space    used 6375K, committed 6784K, reserved 1048576K
}
Event: 51145.799 GC heap after
{Heap after GC invocations=771 (full 747):
 garbage-first heap   total 84992K, used 29623K [0x00000000c0000000, 0x0000000100000000)
  region size 1024K, 0 young (0K), 0 survivors (0K)
 Metaspace       used 53580K, committed 54656K, reserved 1114112K
  class space    used 6375K, committed 6784K, reserved 1048576K
}
Event: 51157.372 GC heap before
{Heap before GC invocations=771 (full 747):
 garbage-first heap   total 84992K, used 29623K [0x00000000c0000000, 0x0000000100000000)
  region size 1024K, 1 young (1024K), 0 survivors (0K)
 Metaspace       used 53580K, committed 54656K, reserved 1114112K
  class space    used 6375K, committed 6784K, reserved 1048576K
}
Event: 51157.427 GC heap after
{Heap after GC invocations=772 (full 748):
 garbage-first heap   total 84992K, used 29623K [0x00000000c0000000, 0x0000000100000000)
  region size 1024K, 0 young (0K), 0 survivors (0K)
 Metaspace       used 53580K, committed 54656K, reserved 1114112K
  class space    used 6375K, committed 6784K, reserved 1048576K
}
Event: 51168.897 GC heap before
{Heap before GC invocations=772 (full 748):
 garbage-first heap   total 84992K, used 29623K [0x00000000c0000000, 0x0000000100000000)
  region size 1024K, 1 young (1024K), 0 survivors (0K)
 Metaspace       used 53580K, committed 54656K, reserved 1114112K
  class space    used 6375K, committed 6784K, reserved 1048576K
}
Event: 51168.948 GC heap after
{Heap after GC invocations=773 (full 749):
 garbage-first heap   total 84992K, used 29623K [0x00000000c0000000, 0x0000000100000000)
  region size 1024K, 0 young (0K), 0 survivors (0K)
 Metaspace       used 53580K, committed 54656K, reserved 1114112K
  class space    used 6375K, committed 6784K, reserved 1048576K
}
Event: 51180.761 GC heap before
{Heap before GC invocations=773 (full 749):
 garbage-first heap   total 84992K, used 29623K [0x00000000c0000000, 0x0000000100000000)
  region size 1024K, 1 young (1024K), 0 survivors (0K)
 Metaspace       used 53580K, committed 54656K, reserved 1114112K
  class space    used 6375K, committed 6784K, reserved 1048576K
}
Event: 51180.808 GC heap after
{Heap after GC invocations=774 (full 750):
 garbage-first heap   total 84992K, used 29623K [0x00000000c0000000, 0x0000000100000000)
  region size 1024K, 0 young (0K), 0 survivors (0K)
 Metaspace       used 53580K, committed 54656K, reserved 1114112K
  class space    used 6375K, committed 6784K, reserved 1048576K
}
Event: 51192.730 GC heap before
{Heap before GC invocations=774 (full 750):
 garbage-first heap   total 84992K, used 29623K [0x00000000c0000000, 0x0000000100000000)
  region size 1024K, 1 young (1024K), 0 survivors (0K)
 Metaspace       used 53580K, committed 54656K, reserved 1114112K
  class space    used 6375K, committed 6784K, reserved 1048576K
}
Event: 51192.773 GC heap after
{Heap after GC invocations=775 (full 751):
 garbage-first heap   total 84992K, used 29623K [0x00000000c0000000, 0x0000000100000000)
  region size 1024K, 0 young (0K), 0 survivors (0K)
 Metaspace       used 53580K, committed 54656K, reserved 1114112K
  class space    used 6375K, committed 6784K, reserved 1048576K
}
Event: 51204.566 GC heap before
{Heap before GC invocations=775 (full 751):
 garbage-first heap   total 84992K, used 29623K [0x00000000c0000000, 0x0000000100000000)
  region size 1024K, 1 young (1024K), 0 survivors (0K)
 Metaspace       used 53580K, committed 54656K, reserved 1114112K
  class space    used 6375K, committed 6784K, reserved 1048576K
}
Event: 51204.616 GC heap after
{Heap after GC invocations=776 (full 752):
 garbage-first heap   total 84992K, used 29623K [0x00000000c0000000, 0x0000000100000000)
  region size 1024K, 0 young (0K), 0 survivors (0K)
 Metaspace       used 53580K, committed 54656K, reserved 1114112K
  class space    used 6375K, committed 6784K, reserved 1048576K
}
Event: 51216.309 GC heap before
{Heap before GC invocations=776 (full 752):
 garbage-first heap   total 84992K, used 29623K [0x00000000c0000000, 0x0000000100000000)
  region size 1024K, 1 young (1024K), 0 survivors (0K)
 Metaspace       used 53580K, committed 54656K, reserved 1114112K
  class space    used 6375K, committed 6784K, reserved 1048576K
}
Event: 51216.360 GC heap after
{Heap after GC invocations=777 (full 753):
 garbage-first heap   total 84992K, used 29623K [0x00000000c0000000, 0x0000000100000000)
  region size 1024K, 0 young (0K), 0 survivors (0K)
 Metaspace       used 53580K, committed 54656K, reserved 1114112K
  class space    used 6375K, committed 6784K, reserved 1048576K
}
Event: 51226.998 GC heap before
{Heap before GC invocations=777 (full 753):
 garbage-first heap   total 84992K, used 29623K [0x00000000c0000000, 0x0000000100000000)
  region size 1024K, 1 young (1024K), 0 survivors (0K)
 Metaspace       used 53580K, committed 54656K, reserved 1114112K
  class space    used 6375K, committed 6784K, reserved 1048576K
}

