# JRE version: OpenJDK Runtime Environment Temurin-21.0.3+9 (21.0.3+9) (build 21.0.3+9-LTS)
# Java VM: OpenJDK 64-Bit Server VM Temurin-21.0.3+9 (21.0.3+9-LTS, mixed mode, emulated-client, tiered, compressed oops, compressed class ptrs, g1 gc, windows-amd64)
GC Precious Log:
 CardTable entry size: 512
 Card Set container configuration: InlinePtr #cards 5 size 8 Array Of Cards #cards 12 size 40 Howl #buckets 4 coarsen threshold 1843 Howl Bitmap #cards 512 size 80 coarsen threshold 460 Card regions per heap region 1 cards per card region 2048
 CPUs: 8 total, 8 available
 Memory: 7932M
 Large Page Support: Disabled
 NUMA Support: Disabled
 Compressed Oops: Enabled (32-bit)
 Heap Region Size: 1M
 Heap Min Capacity: 8M
 Heap Initial Capacity: 124M
 Heap Max Capacity: 1G
 Pre-touch: Disabled
 Parallel Workers: 8
 Concurrent Workers: 2
 Concurrent Refinement Workers: 8
 Periodic GC: Disabled
Heap:
 garbage-first heap   total 102400K, used 31161K [0x00000000c0000000, 0x0000000100000000)
  region size 1024K, 1 young (1024K), 0 survivors (0K)
 Metaspace       used 53634K, committed 54464K, reserved 1114112K
  class space    used 6398K, committed 6784K, reserved 1048576K
GC Heap History (20 events):
Event: 23740.408 GC heap after
{Heap after GC invocations=1169 (full 1150):
 garbage-first heap   total 102400K, used 31161K [0x00000000c0000000, 0x0000000100000000)
  region size 1024K, 0 young (0K), 0 survivors (0K)
 Metaspace       used 53634K, committed 54464K, reserved 1114112K
  class space    used 6398K, committed 6784K, reserved 1048576K
}
Event: 23750.787 GC heap before
{Heap before GC invocations=1169 (full 1150):
 garbage-first heap   total 102400K, used 31161K [0x00000000c0000000, 0x0000000100000000)
  region size 1024K, 1 young (1024K), 0 survivors (0K)
 Metaspace       used 53634K, committed 54464K, reserved 1114112K
  class space    used 6398K, committed 6784K, reserved 1048576K
}
Event: 23750.811 GC heap after
{Heap after GC invocations=1170 (full 1151):
 garbage-first heap   total 102400K, used 31161K [0x00000000c0000000, 0x0000000100000000)
  region size 1024K, 0 young (0K), 0 survivors (0K)
 Metaspace       used 53634K, committed 54464K, reserved 1114112K
  class space    used 6398K, committed 6784K, reserved 1048576K
}
Event: 23761.188 GC heap before
{Heap before GC invocations=1170 (full 1151):
 garbage-first heap   total 102400K, used 31161K [0x00000000c0000000, 0x0000000100000000)
  region size 1024K, 1 young (1024K), 0 survivors (0K)
 Metaspace       used 53634K, committed 54464K, reserved 1114112K
  class space    used 6398K, committed 6784K, reserved 1048576K
}
Event: 23761.213 GC heap after
{Heap after GC invocations=1171 (full 1152):
 garbage-first heap   total 102400K, used 31161K [0x00000000c0000000, 0x0000000100000000)
  region size 1024K, 0 young (0K), 0 survivors (0K)
 Metaspace       used 53634K, committed 54464K, reserved 1114112K
  class space    used 6398K, committed 6784K, reserved 1048576K
}
Event: 23771.653 GC heap before
{Heap before GC invocations=1171 (full 1152):
 garbage-first heap   total 102400K, used 31161K [0x00000000c0000000, 0x0000000100000000)
  region size 1024K, 1 young (1024K), 0 survivors (0K)
 Metaspace       used 53634K, committed 54464K, reserved 1114112K
  class space    used 6398K, committed 6784K, reserved 1048576K
}
Event: 23771.679 GC heap after
{Heap after GC invocations=1172 (full 1153):
 garbage-first heap   total 102400K, used 31161K [0x00000000c0000000, 0x0000000100000000)
  region size 1024K, 0 young (0K), 0 survivors (0K)
 Metaspace       used 53634K, committed 54464K, reserved 1114112K
  class space    used 6398K, committed 6784K, reserved 1048576K
}
Event: 23782.268 GC heap before
{Heap before GC invocations=1172 (full 1153):
 garbage-first heap   total 102400K, used 31161K [0x00000000c0000000, 0x0000000100000000)
  region size 1024K, 1 young (1024K), 0 survivors (0K)
 Metaspace       used 53634K, committed 54464K, reserved 1114112K
  class space    used 6398K, committed 6784K, reserved 1048576K
}
Event: 23782.299 GC heap after
{Heap after GC invocations=1173 (full 1154):
 garbage-first heap   total 102400K, used 31161K [0x00000000c0000000, 0x0000000100000000)
  region size 1024K, 0 young (0K), 0 survivors (0K)
 Metaspace       used 53634K, committed 54464K, reserved 1114112K
  class space    used 6398K, committed 6784K, reserved 1048576K
}
Event: 23792.716 GC heap before
{Heap before GC invocations=1173 (full 1154):
 garbage-first heap   total 102400K, used 31161K [0x00000000c0000000, 0x0000000100000000)
  region size 1024K, 1 young (1024K), 0 survivors (0K)
 Metaspace       used 53634K, committed 54464K, reserved 1114112K
  class space    used 6398K, committed 6784K, reserved 1048576K
}
Event: 23792.747 GC heap after
{Heap after GC invocations=1174 (full 1155):
 garbage-first heap   total 102400K, used 31161K [0x00000000c0000000, 0x0000000100000000)
  region size 1024K, 0 young (0K), 0 survivors (0K)
 Metaspace       used 53634K, committed 54464K, reserved 1114112K
  class space    used 6398K, committed 6784K, reserved 1048576K
}
Event: 23803.399 GC heap before
{Heap before GC invocations=1174 (full 1155):
 garbage-first heap   total 102400K, used 31161K [0x00000000c0000000, 0x0000000100000000)
  region size 1024K, 1 young (1024K), 0 survivors (0K)
 Metaspace       used 53634K, committed 54464K, reserved 1114112K
  class space    used 6398K, committed 6784K, reserved 1048576K
}
Event: 23803.434 GC heap after
{Heap after GC invocations=1175 (full 1156):
 garbage-first heap   total 102400K, used 31161K [0x00000000c0000000, 0x0000000100000000)
  region size 1024K, 0 young (0K), 0 survivors (0K)
 Metaspace       used 53634K, committed 54464K, reserved 1114112K
  class space    used 6398K, committed 6784K, reserved 1048576K
}
Event: 23814.502 GC heap before
{Heap before GC invocations=1175 (full 1156):
 garbage-first heap   total 102400K, used 31161K [0x00000000c0000000, 0x0000000100000000)
  region size 1024K, 1 young (1024K), 0 survivors (0K)
 Metaspace       used 53634K, committed 54464K, reserved 1114112K
  class space    used 6398K, committed 6784K, reserved 1048576K
}
Event: 23814.533 GC heap after
{Heap after GC invocations=1176 (full 1157):
 garbage-first heap   total 102400K, used 31161K [0x00000000c0000000, 0x0000000100000000)
  region size 1024K, 0 young (0K), 0 survivors (0K)
 Metaspace       used 53634K, committed 54464K, reserved 1114112K
  class space    used 6398K, committed 6784K, reserved 1048576K
}
Event: 23825.497 GC heap before
{Heap before GC invocations=1176 (full 1157):
 garbage-first heap   total 102400K, used 31161K [0x00000000c0000000, 0x0000000100000000)
  region size 1024K, 1 young (1024K), 0 survivors (0K)
 Metaspace       used 53634K, committed 54464K, reserved 1114112K
  class space    used 6398K, committed 6784K, reserved 1048576K
}
Event: 23825.528 GC heap after
{Heap after GC invocations=1177 (full 1158):
 garbage-first heap   total 102400K, used 31161K [0x00000000c0000000, 0x0000000100000000)
  region size 1024K, 0 young (0K), 0 survivors (0K)
 Metaspace       used 53634K, committed 54464K, reserved 1114112K
  class space    used 6398K, committed 6784K, reserved 1048576K
}
Event: 23836.213 GC heap before
{Heap before GC invocations=1177 (full 1158):
 garbage-first heap   total 102400K, used 31161K [0x00000000c0000000, 0x0000000100000000)
  region size 1024K, 1 young (1024K), 0 survivors (0K)
 Metaspace       used 53634K, committed 54464K, reserved 1114112K
  class space    used 6398K, committed 6784K, reserved 1048576K
}
Event: 23836.243 GC heap after
{Heap after GC invocations=1178 (full 1159):
 garbage-first heap   total 102400K, used 31161K [0x00000000c0000000, 0x0000000100000000)
  region size 1024K, 0 young (0K), 0 survivors (0K)
 Metaspace       used 53634K, committed 54464K, reserved 1114112K
  class space    used 6398K, committed 6784K, reserved 1048576K
}
Event: 23846.884 GC heap before
{Heap before GC invocations=1178 (full 1159):
 garbage-first heap   total 102400K, used 31161K [0x00000000c0000000, 0x0000000100000000)
  region size 1024K, 1 young (1024K), 0 survivors (0K)
 Metaspace       used 53634K, committed 54464K, reserved 1114112K
  class space    used 6398K, committed 6784K, reserved 1048576K
}

